


materialPath: D:\Projects\NH2-Coop-Release\materials
Loading d:\projects\nh2-coop-release\mapsrc\nh1remake1_v2.vmf
ConVarRef mat_reduceparticles doesn't point to an existing ConVar
Could not locate 'GameData' key in d:\projects\nh2-coop-release\gameinfo.txt
Patching WVT material: maps/nh1remake1_v2/nh_textures/grass_dead_blending_nodetail_wvt_patch
Patching WVT material: maps/nh1remake1_v2/nh_textures/grass_dead_blending_wvt_patch
fixing up env_cubemap materials on brush sides...
0...1...2...3...4...5...6...7...8...9...100...1...2...3...4...5...6...7...8...9...10Processing areas...done (0)
Building Faces...done (0)
Chop Details...done (0)
Find Visible Detail Sides...
Merged 322 detail faces...done (0)
Merging details...done (0)
FixTjuncs...
PruneNodes...
WriteBSP...
done (0)
writing d:\projects\nh2-coop-release\mapsrc\nh1remake1_v2.prt...Building visibility clusters...
done (0)
Finding displacement neighbors...
Finding lightmap sample positions...
Displacement Alpha : 0...1...2...3...4...5...6...7...8...9...10
Building Physics collision data...
done (0) (599192 bytes)
Placing static props...
Placing detail props : 0...1...2...3...4...5...6...7Material nh_textures/grass_dead_blending uses unknown detail object type nh1_grass!
Material nh_textures/grass_dead_blending uses unknown detail object type nh1_grass!
Material nh_textures/grass_dead_blending uses unknown detail object type nh1_grass!
Material nh_textures/grass_dead_blending uses unknown detail object type nh1_grass!
Material nh_textures/grass_dead_blending uses unknown detail object type nh1_grass!
Material nh_textures/grass_dead_blending uses unknown detail object type nh1_grass!
Material nh_textures/grass_dead_blending uses unknown detail object type nh1_grass!
Material nh_textures/grass_dead_blending uses unknown detail object type nh1_grass!
Material nh_textures/grass_dead_blending uses unknown detail object type nh1_grass!
Material nh_textures/grass_dead_blending uses unknown detail object type nh1_grass!
Material nh_textures/grass_dead_blending uses unknown detail object type nh1_grass!
Material nh_textures/grass_dead_blending uses unknown detail object type nh1_grass!
Material nh_textures/grass_dead_blending uses unknown detail object type nh1_grass!
Material nh_textures/grass_dead_blending uses unknown detail object type nh1_grass!
Material nh_textures/grass_dead_blending uses unknown detail object type nh1_grass!
Material nh_textures/grass_dead_blending uses unknown detail object type nh1_grass!
Material nh_textures/grass_dead_blending uses unknown detail object type nh1_grass!
Material nh_textures/grass_dead_blending uses unknown detail object type nh1_grass!
Material nh_textures/grass_dead_blending uses unknown detail object type nh1_grass!
Material nh_textures/grass_dead_blending uses unknown detail object type nh1_grass!
Material nh_textures/grass_dead_blending uses unknown detail object type nh1_grass!
Material nh_textures/grass_dead_blending uses unknown detail object type nh1_grass!
Material nh_textures/grass_dead_blending uses unknown detail object type nh1_grass!
Material nh_textures/grass_dead_blending uses unknown detail object type nh1_grass!
Material nh_textures/grass_dead_blending uses unknown detail object type nh1_grass!
Material nh_textures/grass_dead_blending uses unknown detail object type nh1_grass!
Material nh_textures/grass_dead_blending uses unknown detail object type nh1_grass!
Material nh_textures/grass_dead_blending uses unknown detail object type nh1_grass!
Material nh_textures/grass_dead_blending uses unknown detail object type nh1_grass!
Material nh_textures/grass_dead_blending uses unknown detail object type nh1_grass!
Material nh_textures/grass_dead_blending uses unknown detail object type nh1_grass!
Material nh_textures/grass_dead_blending uses unknown detail object type nh1_grass!
Material nh_textures/grass_dead_blending uses unknown detail object type nh1_grass!
Material nh_textures/grass_dead_blending uses unknown detail object type nh1_grass!
Material nh_textures/grass_dead_blending uses unknown detail object type nh1_grass!
Material nh_textures/grass_dead_blending uses unknown detail object type nh1_grass!
Material nh_textures/grass_dead_blending uses unknown detail object type nh1_grass!
Material nh_textures/grass_dead_blending uses unknown detail object type nh1_grass!
Material nh_textures/grass_dead_blending uses unknown detail object type nh1_grass!
Material nh_textures/grass_dead_blending uses unknown detail object type nh1_grass!
Material nh_textures/grass_dead_blending uses unknown detail object type nh1_grass!
Material nh_textures/grass_dead_blending uses unknown detail object type nh1_grass!
...8...9...10
Compacting texture/material tables...
Reduced 3073 texinfos to 2024
Reduced 196 texdatas to 160 (7207 bytes to 5556)
Writing d:\projects\nh2-coop-release\mapsrc\nh1remake1_v2.bsp
2 seconds elapsed



8 threads
reading d:\projects\nh2-coop-release\mapsrc\nh1remake1_v2.bsp
reading d:\projects\nh2-coop-release\mapsrc\nh1remake1_v2.prt
 593 portalclusters
1333 numportals
0...1...2...3...4...5...6...7...8...9...100...1...2...3...4...5...6...7...8...9...10Optimized: 146 visible clusters (0.00%)
Total clusters visible: 42027
Average clusters visible: 70
Building PAS...
Average clusters audible: 143
visdatasize:44765  compressed from 94880
writing d:\projects\nh2-coop-release\mapsrc\nh1remake1_v2.bsp
1 second elapsed



[Reading texlights from 'lights.rad']
[48 texlights parsed from 'lights.rad']

Loading d:\projects\nh2-coop-release\mapsrc\nh1remake1_v2.bsp
5229 faces
270723 square feet [38984160.00 square inches]
60 Displacements
51731 Square Feet [7449342.50 Square Inches]
5229 patches before subdivision
24707 patches after subdivision
64 direct lights
0...1...2...3...4...5...6...7...8...9...100...1...2...3...4...5...6...7...8...9...10transfers 1667043, max 488
transfer lists:  12.7 megs
0...1...2...3...4...5...6...7...8...9...10	Bounce #1 added RGB(22252, 21115, 15101)
0...1...2...3...4...5...6...7...8...9...10	Bounce #2 added RGB(6810, 6108, 3943)
0...1...2...3...4...5...6...7...8...9...10	Bounce #3 added RGB(2260, 1910, 1137)
0...1...2...3...4...5...6...7...8...9...10	Bounce #4 added RGB(803, 644, 358)
0...1...2...3...4...5...6...7...8...9...10	Bounce #5 added RGB(297, 227, 120)
0...1...2...3...4...5...6...7...8...9...10	Bounce #6 added RGB(114, 84, 42)
0...1...2...3...4...5...6...7...8...9...10	Bounce #7 added RGB(45, 33, 16)
0...1...2...3...4...5...6...7...8...9...10	Bounce #8 added RGB(18, 13, 6)
0...1...2...3...4...5...6...7...8...9...10	Bounce #9 added RGB(8, 5, 2)
0...1...2...3...4...5...6...7...8...9...10	Bounce #10 added RGB(3, 2, 1)
0...1...2...3...4...5...6...7...8...9...10	Bounce #11 added RGB(1, 1, 0)
0...1...2...3...4...5...6...7...8...9...10	Bounce #12 added RGB(1, 0, 0)
Build Patch/Sample Hash Table(s).....Done<0.0062 sec>
0...1...2...3...4...5...6...7...8...9...10FinalLightFace Done
0 of 0 (0% of) surface lights went in leaf ambient cubes.
0...1...2...3...4...5...6...7...8...9...10Writing leaf ambient...done
Computing static prop lighting : 00...1...2...3...4...5...6...7...8...9...10
Ready to Finish

Object names       Objects/Maxobjs  Memory / Maxmem  Fullness 
------------       ---------------  ---------------  -------- 
models                 142/4096         6816/196608   ( 3.5%) 
brushes               1577/32768       18924/393216   ( 4.8%) 
brushsides           11120/65536       88960/524288   (17.0%) 
planes                7848/65536      156960/1310720  (12.0%) 
vertexes              9065/65536      108780/786432   (13.8%) 
nodes                 2814/65536       90048/2097152  ( 4.3%) 
texinfos              2024/12288      145728/884736   (16.5%) 
texdata                160/2048         5120/65536    ( 7.8%) 
dispinfos               60/0           10560/0        ( 0.0%) 
disp_verts            4860/0           97200/0        ( 0.0%) 
disp_tris             7680/0           15360/0        ( 0.0%) 
disp_lmsamples      135640/0          135640/0        ( 0.0%) 
faces                 5229/65536      292824/3670016  ( 8.0%) 
hdr faces             5229/65536      292824/3670016  ( 8.0%) 
origfaces             4343/65536      243208/3670016  ( 6.6%) 
leaves                2957/65536       94624/2097152  ( 4.5%) 
leaffaces             5838/65536       11676/131072   ( 8.9%) 
leafbrushes           2650/65536        5300/131072   ( 4.0%) 
areas                    6/1024           48/8192     ( 0.6%) 
surfedges            41844/512000     167376/2048000  ( 8.2%) 
edges                25887/256000     103548/1024000  (10.1%) 
LDR worldlights          0/16384           0/1441792  ( 0.0%) 
HDR worldlights         64/16384        5632/1441792  ( 0.4%) 
leafwaterdata            1/32768          12/393216   ( 0.0%) 
waterstrips            424/131072       4240/1310720  ( 0.3%) 
waterverts               0/131072          0/1572864  ( 0.0%) 
waterindices          8544/131072      17088/262144   ( 6.5%) 
cubemapsamples          92/1024         1472/16384    ( 9.0%) 
overlays                83/1024        29216/360448   ( 8.1%) 
LDR lightdata         [variable]           0/0        ( 0.0%) 
HDR lightdata         [variable]     1250872/0        ( 0.0%) 
visdata               [variable]       44765/16777216 ( 0.3%) 
entdata               [variable]      460814/393216   (117.2%) VERY FULL!
LDR ambient table     2957/65536       11828/262144   ( 4.5%) 
HDR ambient table     2957/65536       11828/262144   ( 4.5%) 
LDR leaf ambient      2957/65536       82796/1835008  ( 4.5%) 
HDR leaf ambient      4785/65536      133980/1835008  ( 7.3%) 
occluders                0/0               0/0        ( 0.0%) 
occluder polygons        0/0               0/0        ( 0.0%) 
occluder vert ind        0/0               0/0        ( 0.0%) 
detail props          [variable]           1/12       ( 8.3%) 
static props          [variable]           1/20026    ( 0.0%) 
pakfile               [variable]     1307786/0        ( 0.0%) 
physics               [variable]      599192/4194304  (14.3%) 
physics terrain       [variable]       21606/1048576  ( 2.1%) 

Level flags = 2

Total triangle count: 14050
Writing d:\projects\nh2-coop-release\mapsrc\nh1remake1_v2.bsp
23 seconds elapsed
