PRT1
334
620
4 0 5 (4224 1024 -340 ) (4224 1024 -336 ) (4160 1024 -336 ) (4160 1024 -340 ) 
4 0 1 (4220 1028 -340 ) (4224 1028 -340 ) (4224 1024 -340 ) (4220 1024 -340 ) 
4 0 2 (4160 1024 -340 ) (4160 1028 -340 ) (4164 1028 -340 ) (4164 1024 -340 ) 
4 1 5 (4220 1024 -448 ) (4224 1024 -448 ) (4224 1024 -340 ) (4220 1024 -340 ) 
4 2 5 (4160 1024 -448 ) (4164 1024 -448 ) (4164 1024 -340 ) (4160 1024 -340 ) 
4 4 18 (4096 896 -320 ) (4096 640 -320 ) (4096 640 -256 ) (4096 896 -256 ) 
4 4 10 (4096 896 -256 ) (4096 640 -256 ) (4096 640 -224 ) (4096 896 -224 ) 
4 4 7 (4224 768 -320 ) (4224 640 -320 ) (4096 640 -320 ) (4096 768 -320 ) 
4 4 6 (4224 896 -320 ) (4224 768 -320 ) (4096 768 -320 ) (4096 896 -320 ) 
4 4 5 (4096 1024 -320 ) (4224 1024 -320 ) (4224 896 -320 ) (4096 896 -320 ) 
4 5 6 (4096 896 -448 ) (4224 896 -448 ) (4224 896 -320 ) (4096 896 -320 ) 
4 6 26 (4096 768 -320 ) (4096 896 -320 ) (4096 896 -448 ) (4096 768 -448 ) 
4 6 9 (4096 768 -448 ) (4352 768 -448 ) (4352 768 -336 ) (4096 768 -336 ) 
4 6 7 (4352 768 -336 ) (4352 768 -320 ) (4096 768 -320 ) (4096 768 -336 ) 
4 7 26 (4096 640 -320 ) (4096 768 -320 ) (4096 768 -336 ) (4096 640 -336 ) 
4 7 9 (4476 640 -336 ) (4096 640 -336 ) (4096 768 -336 ) (4476 768 -336 ) 
4 8 9 (4476 676 -336 ) (4476 732 -336 ) (4476 732 -448 ) (4476 676 -448 ) 
4 9 26 (4096 768 -336 ) (4096 768 -448 ) (4096 640 -448 ) (4096 640 -336 ) 
4 10 18 (4096 896 -256 ) (4096 640 -256 ) (3968 640 -256 ) (3968 896 -256 ) 
4 10 11 (3968 896 -256 ) (3968 640 -256 ) (3968 640 -224 ) (3968 896 -224 ) 
4 11 25 (3808 416 -256 ) (3712 416 -256 ) (3712 632 -256 ) (3808 632 -256 ) 
4 11 23 (3712 632 -256 ) (3712 640 -256 ) (3808 640 -256 ) (3808 632 -256 ) 
4 11 22 (3712 640 -256 ) (3712 896 -256 ) (3808 896 -256 ) (3808 640 -256 ) 
4 11 20 (3840 416 -256 ) (3808 416 -256 ) (3808 896 -256 ) (3840 896 -256 ) 
4 11 19 (3968 896 -256 ) (3968 416 -256 ) (3840 416 -256 ) (3840 896 -256 ) 
4 11 13 (3712 632 -256 ) (3712 416 -256 ) (3712 416 -224 ) (3712 632 -224 ) 
4 12 24 (3688 632 -256 ) (3584 632 -256 ) (3584 640 -256 ) (3688 640 -256 ) 
4 12 13 (3584 632 -224 ) (3584 632 -256 ) (3688 632 -256 ) (3688 632 -224 ) 
5 13 25 (3712 632 -256 ) (3712 416 -256 ) (3680 416 -256 ) (3584 512 -256 ) (3584 632 -256 ) 
4 14 17 (3712 320 -64 ) (3744 320 -64 ) (3744 288 -64 ) (3712 288 -64 ) 
4 18 26 (3968 640 -320 ) (3968 896 -320 ) (4096 896 -320 ) (4096 640 -320 ) 
4 18 19 (3968 896 -320 ) (3968 640 -320 ) (3968 640 -256 ) (3968 896 -256 ) 
4 19 35 (3920 408 -320 ) (3840 408 -320 ) (3840 640 -320 ) (3920 640 -320 ) 
4 19 34 (3928 408 -320 ) (3920 408 -320 ) (3920 640 -320 ) (3928 640 -320 ) 
4 19 33 (3968 640 -320 ) (3968 408 -320 ) (3928 408 -320 ) (3928 640 -320 ) 
4 19 30 (3968 928 -320 ) (3968 640 -320 ) (3840 640 -320 ) (3840 928 -320 ) 
4 19 21 (3840 408 -320 ) (3920 408 -320 ) (3920 408 -272 ) (3840 408 -272 ) 
4 19 20 (3840 896 -320 ) (3840 408 -320 ) (3840 408 -256 ) (3840 896 -256 ) 
4 20 36 (3808 408 -320 ) (3808 640 -320 ) (3824 640 -320 ) (3824 408 -320 ) 
4 20 35 (3824 640 -320 ) (3840 640 -320 ) (3840 408 -320 ) (3824 408 -320 ) 
4 20 31 (3808 640 -320 ) (3808 896 -320 ) (3840 896 -320 ) (3840 640 -320 ) 
4 20 25 (3808 632 -320 ) (3808 416 -320 ) (3808 416 -256 ) (3808 632 -256 ) 
4 20 23 (3808 640 -320 ) (3808 632 -320 ) (3808 632 -256 ) (3808 640 -256 ) 
4 20 22 (3808 896 -320 ) (3808 640 -320 ) (3808 640 -256 ) (3808 896 -256 ) 
4 20 21 (3824 408 -320 ) (3840 408 -320 ) (3840 408 -272 ) (3824 408 -272 ) 
4 21 35 (3824 407 -320 ) (3824 408 -320 ) (3920 408 -320 ) (3920 407 -320 ) 
4 22 31 (3712 896 -320 ) (3808 896 -320 ) (3808 640 -320 ) (3712 640 -320 ) 
4 22 23 (3712 640 -320 ) (3808 640 -320 ) (3808 640 -256 ) (3712 640 -256 ) 
4 23 43 (3712 640 -320 ) (3808 640 -320 ) (3808 632 -320 ) (3712 632 -320 ) 
4 23 25 (3712 632 -320 ) (3808 632 -320 ) (3808 632 -256 ) (3712 632 -256 ) 
4 24 44 (3584 632 -320 ) (3584 640 -320 ) (3688 640 -320 ) (3688 632 -320 ) 
4 24 25 (3584 632 -256 ) (3584 632 -320 ) (3688 632 -320 ) (3688 632 -256 ) 
5 25 45 (3584 512 -320 ) (3584 632 -320 ) (3808 632 -320 ) (3808 416 -320 ) (3680 416 -320 ) 
4 26 30 (3968 896 -448 ) (3968 640 -448 ) (3968 640 -320 ) (3968 896 -320 ) 
4 27 28 (3840 932 -336 ) (3840 1024 -336 ) (3968 1024 -336 ) (3968 932 -336 ) 
4 28 29 (3932 932 -336 ) (3876 932 -336 ) (3876 932 -448 ) (3932 932 -448 ) 
4 29 30 (3876 928 -448 ) (3932 928 -448 ) (3932 928 -336 ) (3876 928 -336 ) 
4 30 46 (3840 640 -448 ) (3904 640 -448 ) (3904 640 -384 ) (3840 640 -384 ) 
4 30 39 (3840 640 -382 ) (3840 640 -384 ) (3944 640 -384 ) (3944 640 -382 ) 
4 30 38 (3944 640 -368 ) (3840 640 -368 ) (3840 640 -382 ) (3944 640 -382 ) 
4 30 37 (3968 640 -384 ) (3968 640 -368 ) (3944 640 -368 ) (3944 640 -384 ) 
4 30 35 (3920 640 -320 ) (3840 640 -320 ) (3840 640 -368 ) (3920 640 -368 ) 
4 30 34 (3928 640 -320 ) (3920 640 -320 ) (3920 640 -368 ) (3928 640 -368 ) 
4 30 33 (3968 640 -368 ) (3968 640 -320 ) (3928 640 -320 ) (3928 640 -368 ) 
4 30 31 (3840 896 -448 ) (3840 640 -448 ) (3840 640 -320 ) (3840 896 -320 ) 
4 31 43 (3808 640 -320 ) (3712 640 -320 ) (3712 640 -384 ) (3808 640 -384 ) 
4 31 39 (3840 640 -384 ) (3840 640 -382 ) (3816 640 -382 ) (3816 640 -384 ) 
4 31 38 (3840 640 -382 ) (3840 640 -368 ) (3816 640 -368 ) (3816 640 -382 ) 
4 31 41 (3816 640 -368 ) (3808 640 -368 ) (3808 640 -384 ) (3816 640 -384 ) 
4 31 36 (3824 640 -320 ) (3808 640 -320 ) (3808 640 -368 ) (3824 640 -368 ) 
4 31 35 (3840 640 -368 ) (3840 640 -320 ) (3824 640 -320 ) (3824 640 -368 ) 
4 31 32 (3712 884 -448 ) (3712 780 -448 ) (3712 780 -336 ) (3712 884 -336 ) 
4 33 42 (3968 400 -368 ) (3928 400 -368 ) (3928 408 -368 ) (3968 408 -368 ) 
4 33 38 (3928 408 -368 ) (3928 640 -368 ) (3944 640 -368 ) (3944 408 -368 ) 
4 33 37 (3944 640 -368 ) (3968 640 -368 ) (3968 408 -368 ) (3944 408 -368 ) 
4 33 34 (3928 640 -320 ) (3928 640 -368 ) (3928 408 -368 ) (3928 408 -320 ) 
4 34 38 (3920 408 -368 ) (3920 640 -368 ) (3928 640 -368 ) (3928 408 -368 ) 
4 34 35 (3920 640 -320 ) (3920 640 -368 ) (3920 408 -368 ) (3920 408 -320 ) 
4 35 38 (3824 408 -368 ) (3824 640 -368 ) (3920 640 -368 ) (3920 408 -368 ) 
4 35 36 (3824 640 -320 ) (3824 640 -368 ) (3824 408 -368 ) (3824 408 -320 ) 
4 36 45 (3808 632 -368 ) (3808 416 -368 ) (3808 416 -320 ) (3808 632 -320 ) 
4 36 43 (3808 640 -320 ) (3808 640 -368 ) (3808 632 -368 ) (3808 632 -320 ) 
4 36 38 (3816 640 -368 ) (3824 640 -368 ) (3824 408 -368 ) (3816 408 -368 ) 
4 36 41 (3808 408 -368 ) (3808 640 -368 ) (3816 640 -368 ) (3816 408 -368 ) 
4 37 42 (3968 408 -368 ) (3944 408 -368 ) (3944 408 -384 ) (3968 408 -384 ) 
4 37 40 (3944 436 -384 ) (3944 408 -384 ) (3944 408 -382 ) (3944 436 -382 ) 
4 37 39 (3944 640 -384 ) (3944 436 -384 ) (3944 436 -382 ) (3944 640 -382 ) 
4 37 38 (3944 408 -382 ) (3944 408 -368 ) (3944 640 -368 ) (3944 640 -382 ) 
4 38 42 (3944 408 -368 ) (3928 408 -368 ) (3928 408 -382 ) (3944 408 -382 ) 
4 38 40 (3816 408 -382 ) (3816 432 -382 ) (3944 436 -382 ) (3944 408 -382 ) 
4 38 39 (3816 432 -382 ) (3816 640 -382 ) (3944 640 -382 ) (3944 436 -382 ) 
4 38 41 (3816 408 -382 ) (3816 408 -368 ) (3816 640 -368 ) (3816 640 -382 ) 
4 39 46 (3840 640 -384 ) (3904 640 -384 ) (3904 512 -384 ) (3840 512 -384 ) 
4 39 41 (3816 640 -384 ) (3816 432 -384 ) (3816 432 -382 ) (3816 640 -382 ) 
4 39 40 (3944 436 -384 ) (3944 436 -382 ) (3816 432 -382 ) (3816 432 -384 ) 
4 40 42 (3928 408 -384 ) (3944 408 -384 ) (3944 408 -382 ) (3928 408 -382 ) 
4 40 41 (3816 432 -384 ) (3816 408 -384 ) (3816 408 -382 ) (3816 432 -382 ) 
4 41 45 (3808 632 -384 ) (3808 416 -384 ) (3808 416 -368 ) (3808 632 -368 ) 
4 41 43 (3808 640 -368 ) (3808 640 -384 ) (3808 632 -384 ) (3808 632 -368 ) 
4 43 45 (3712 632 -384 ) (3808 632 -384 ) (3808 632 -320 ) (3712 632 -320 ) 
4 44 45 (3584 632 -320 ) (3584 632 -384 ) (3688 632 -384 ) (3688 632 -320 ) 
4 46 48 (3840 512 -384 ) (3840 608 -448 ) (3904 608.001465 -448 ) (3904 512 -384 ) 
4 47 48 (3840 593.001221 -448 ) (3840 512 -394 ) (3904 512 -394 ) (3904 593 -448 ) 
4 49 85 (1248 1024 192 ) (1024 1024 192 ) (1024 1024 128 ) (1248 1024 128 ) 
4 49 75 (1024 1376 128 ) (1024 1024 128 ) (1024 1024 192 ) (1024 1376 192 ) 
4 49 71 (1024 1024 128 ) (1024 1054 128 ) (1248 1054 128 ) (1248 1024 128 ) 
4 49 68 (1024 1056 128 ) (1024 1182 128 ) (1248 1182 128 ) (1248 1056 128 ) 
4 49 66 (1024 1182 128 ) (1024 1184 128 ) (1248 1184 128 ) (1248 1182 128 ) 
4 49 70 (1024 1054 128 ) (1024 1056 128 ) (1248 1056 128 ) (1248 1054 128 ) 
4 49 56 (1024 1184 128 ) (1024 1216 128 ) (1248 1216 128 ) (1248 1184 128 ) 
4 49 53 (1024 1216 128 ) (1024 1344 128 ) (1248 1344 128 ) (1248 1216 128 ) 
4 49 52 (1024 1344 128 ) (1024 1376 128 ) (1248 1376 128 ) (1248 1344 128 ) 
4 50 64 (1280 1184 0 ) (1376 1184 0 ) (1376 1184 128 ) (1280 1184 128 ) 
4 50 61 (1444 1184 0 ) (1500 1184 0 ) (1500 1184 112 ) (1444 1184 112 ) 
4 50 54 (1280 1308 0 ) (1280 1252 0 ) (1280 1252 112 ) (1280 1308 112 ) 
4 51 76 (1024 1472 0 ) (1024 1408 0 ) (1024 1408 128 ) (1024 1472 128 ) 
4 52 78 (1024 1376 0 ) (1024 1344 0 ) (1024 1344 128 ) (1024 1376 128 ) 
4 52 55 (1024 1344 0 ) (1248 1344 0 ) (1248 1344 112 ) (1024 1344 112 ) 
4 52 53 (1248 1344 112 ) (1248 1344 128 ) (1024 1344 128 ) (1024 1344 112 ) 
4 53 78 (1024 1216 112 ) (1024 1216 128 ) (1024 1344 128 ) (1024 1344 112 ) 
4 53 56 (1248 1216 128 ) (1024 1216 128 ) (1024 1216 112 ) (1248 1216 112 ) 
4 53 55 (1276 1216 112 ) (1024 1216 112 ) (1024 1344 112 ) (1276 1344 112 ) 
4 54 55 (1276 1252 112 ) (1276 1308 112 ) (1276 1308 0 ) (1276 1252 0 ) 
4 55 78 (1024 1344 0 ) (1024 1216 0 ) (1024 1216 112 ) (1024 1344 112 ) 
4 55 56 (1024 1216 0 ) (1248 1216 0 ) (1248 1216 112 ) (1024 1216 112 ) 
4 56 78 (1024 1216 0 ) (1024 1184 0 ) (1024 1184 128 ) (1024 1216 128 ) 
4 56 66 (1248 1184 36 ) (1248 1184 128 ) (1024 1184 128 ) (1024 1184 36 ) 
4 56 74 (1024 1184 0 ) (1248 1184 0 ) (1248 1184 36 ) (1024 1184 36 ) 
4 57 87 (1540 1024 128 ) (1536 1024 128 ) (1536 1024 112 ) (1540 1024 112 ) 
4 57 60 (1536 1024 112 ) (1536 1024 128 ) (1536 1152 128 ) (1536 1152 112 ) 
4 57 59 (1536 1024 112 ) (1536 1152 112 ) (1540 1152 112 ) (1540 1024 112 ) 
4 58 86 (1584 1024 0 ) (1608 1024 0 ) (1608 1024 112 ) (1584 1024 112 ) 
4 58 59 (1584 1024 112 ) (1584 1088 112 ) (1584 1088 0 ) (1584 1024 0 ) 
4 59 86 (1540 1024 0 ) (1584 1024 0 ) (1584 1024 112 ) (1540 1024 112 ) 
4 59 87 (1536 1024 112 ) (1536 1024 0 ) (1540 1024 0 ) (1540 1024 112 ) 
4 59 62 (1536 1152 0 ) (1536 1024 0 ) (1536 1024 112 ) (1536 1152 112 ) 
4 60 87 (1536 1024 128 ) (1408 1024 128 ) (1408 1024 112 ) (1536 1024 112 ) 
4 60 62 (1408 1024 112 ) (1408 1180 112 ) (1536 1180 112 ) (1536 1024 112 ) 
4 61 62 (1500 1180 112 ) (1444 1180 112 ) (1444 1180 0 ) (1500 1180 0 ) 
4 62 87 (1408 1024 112 ) (1408 1024 0 ) (1536 1024 0 ) (1536 1024 112 ) 
4 62 63 (1408 1024 32 ) (1408 1024 96 ) (1408 1152 96 ) (1408 1152 32 ) 
4 63 88 (1378 1024 32 ) (1408 1024 32 ) (1408 1024 96 ) (1378 1024 96 ) 
4 64 89 (1376 1024 128 ) (1280 1024 128 ) (1280 1024 0 ) (1376 1024 0 ) 
4 64 65 (1280 1184 82 ) (1280 1184 0 ) (1280 1024 0 ) (1280 1024 82 ) 
4 65 90 (1262 1024 82 ) (1262 1024 0 ) (1280 1024 0 ) (1280 1024 82 ) 
4 65 73 (1262 1024 50 ) (1262 1024 52 ) (1262 1054 52 ) (1262 1054 50 ) 
4 65 72 (1262 1054 36 ) (1262 1024 36 ) (1262 1024 50 ) (1262 1054 50 ) 
4 65 71 (1262 1024 52 ) (1262 1024 82 ) (1262 1054 82 ) (1262 1054 52 ) 
4 65 69 (1262 1056 50 ) (1262 1056 52 ) (1262 1182 52 ) (1262 1182 50 ) 
4 65 68 (1262 1056 52 ) (1262 1056 82 ) (1262 1182 82 ) (1262 1182 52 ) 
4 65 67 (1262 1182 36 ) (1262 1056 36 ) (1262 1056 50 ) (1262 1182 50 ) 
4 65 66 (1262 1184 82 ) (1262 1184 36 ) (1262 1182 36 ) (1262 1182 82 ) 
4 65 70 (1262 1056 36 ) (1262 1054 36 ) (1262 1054 82 ) (1262 1056 82 ) 
4 65 74 (1262 1184 36 ) (1262 1184 0 ) (1262 1024 0 ) (1262 1024 36 ) 
4 66 78 (1024 1182 128 ) (1024 1184 128 ) (1024 1184 36 ) (1024 1182 36 ) 
4 66 69 (1246 1182 36 ) (1248 1182 36 ) (1262 1182 50 ) (1262 1182 52 ) 
5 66 68 (1024 1182 36 ) (1246 1182 36 ) (1262 1182 52 ) (1262 1182 128 ) (1024 1182 128 ) 
3 66 67 (1248 1182 36 ) (1262 1182 36 ) (1262 1182 50 ) 
4 66 74 (1024 1184 36 ) (1262 1184 36 ) (1262 1182 36 ) (1024 1182 36 ) 
4 67 69 (1262 1182 50 ) (1248 1182 36 ) (1247.996094 1056 36 ) (1262 1056 50.003906 ) 
4 67 74 (1262 1182 36 ) (1262 1056 36 ) (1248 1056 36 ) (1248 1182 36 ) 
3 67 70 (1248 1056 36 ) (1262 1056 36 ) (1262 1056 50 ) 
4 68 78 (1024 1056 128 ) (1024 1182 128 ) (1024 1182 36 ) (1024 1056 36 ) 
5 68 70 (1024 1056 36 ) (1246 1056 36 ) (1262 1056 52 ) (1262 1056 128 ) (1024 1056 128 ) 
4 68 74 (1246 1056 36 ) (1024 1056 36 ) (1024 1182 36 ) (1246 1182 36 ) 
4 68 69 (1262 1056 52 ) (1246 1056 36 ) (1245.996094 1182 36 ) (1262 1182 52.003906 ) 
4 69 70 (1246 1056 36 ) (1248 1056 36 ) (1262 1056 50 ) (1262 1056 52 ) 
4 69 74 (1248 1056 36 ) (1246 1056 36 ) (1246 1182 36 ) (1248 1182 36 ) 
4 70 78 (1024 1054 128 ) (1024 1056 128 ) (1024 1056 36 ) (1024 1054 36 ) 
4 70 73 (1246 1054 36 ) (1248 1054 36 ) (1262 1054 50 ) (1262 1054 52 ) 
3 70 72 (1248 1054 36 ) (1262 1054 36 ) (1262 1054 50 ) 
5 70 71 (1024 1054 36 ) (1246 1054 36 ) (1262 1054 52 ) (1262 1054 128 ) (1024 1054 128 ) 
4 70 74 (1262 1056 36 ) (1262 1054 36 ) (1024 1054 36 ) (1024 1056 36 ) 
5 71 91 (1262 1024 128 ) (1024 1024 128 ) (1024 1024 36 ) (1246 1024 36 ) (1262 1024 52 ) 
4 71 78 (1024 1024 36 ) (1024 1024 128 ) (1024 1054 128 ) (1024 1054 36 ) 
4 71 73 (1245.996094 1024 36 ) (1245.996094 1054 36 ) (1262 1054 52.003906 ) (1262 1024 52.003906 ) 
4 71 74 (1246 1024 36 ) (1024 1024 36 ) (1024 1054 36 ) (1246 1054 36 ) 
3 72 92 (1248 1024 36 ) (1262 1024 36 ) (1262 1024 50 ) 
4 72 74 (1262 1054 36 ) (1262 1024 36 ) (1248 1024 36 ) (1248 1054 36 ) 
4 72 73 (1262 1054 50 ) (1248 1054 36 ) (1248 1024 36 ) (1262 1024 50 ) 
4 73 93 (1246 1024 36 ) (1248 1024 36 ) (1262 1024 50 ) (1262 1024 52 ) 
4 73 74 (1248 1024 36 ) (1246 1024 36 ) (1246 1054 36 ) (1248 1054 36 ) 
4 74 94 (1024 1024 36 ) (1024 1024 0 ) (1262 1024 0 ) (1262 1024 36 ) 
4 74 78 (1024 1184 0 ) (1024 1024 0 ) (1024 1024 36 ) (1024 1184 36 ) 
4 75 98 (544 1024 128 ) (1024 1024 128 ) (1024 1024 192 ) (544 1024 192 ) 
4 75 78 (1024 1376 128 ) (1024 1024 128 ) (544 1024 128 ) (544 1376 128 ) 
4 76 80 (384 1408 0 ) (512 1408 0 ) (512 1408 128 ) (384 1408 128 ) 
4 76 77 (844 1408 0 ) (948 1408 0 ) (948 1408 112 ) (844 1408 112 ) 
4 77 78 (844 1376 0 ) (948 1376 0 ) (948 1376 112 ) (844 1376 112 ) 
4 78 109 (544 1024 0 ) (1024 1024 0 ) (1024 1024 128 ) (544 1024 128 ) 
4 78 79 (544 1204 0 ) (544 1100 0 ) (544 1100 112 ) (544 1204 112 ) 
4 79 82 (512 1204 0 ) (512 1100 0 ) (512 1100 112 ) (512 1204 112 ) 
4 80 81 (384 1280 0 ) (512 1280 0 ) (512 1280 128 ) (384 1280 128 ) 
4 81 82 (352 1216 0 ) (512 1216 0 ) (512 1216 128 ) (352 1216 128 ) 
4 82 110 (384 1024 0 ) (512 1024 0 ) (512 1024 128 ) (384 1024 128 ) 
4 83 113 (160 1024 0 ) (256 1024 0 ) (256 1024 112 ) (160 1024 112 ) 
4 83 112 (256 1024 112 ) (256 1024 128 ) (160 1024 128 ) (160 1024 112 ) 
4 84 126 (0 1024 128 ) (0 1024 0 ) (96 1024 0 ) (96 1024 128 ) 
4 85 98 (1024 1024 192 ) (1024 1024 128 ) (1024 928 128 ) (1024 928 192 ) 
4 85 91 (1024 1024 128 ) (1248 1024 128 ) (1248 930 128 ) (1024 930 128 ) 
4 85 95 (1248 930 128 ) (1248 928 128 ) (1024 928 128 ) (1024 930 128 ) 
4 86 96 (1540 928 0 ) (1544 928 0 ) (1544 928 112 ) (1540 928 112 ) 
4 86 87 (1540 1024 0 ) (1540 928 0 ) (1540 928 112 ) (1540 1024 112 ) 
4 87 96 (1408 928 0 ) (1540 928 0 ) (1540 928 128 ) (1408 928 128 ) 
4 87 88 (1408 960 96 ) (1408 1024 96 ) (1408 1024 32 ) (1408 960 32 ) 
4 89 90 (1280 1024 0 ) (1280 928 0 ) (1280 928 82 ) (1280 1024 82 ) 
4 90 93 (1262 930 50 ) (1262 930 52 ) (1262 1024 52 ) (1262 1024 50 ) 
4 90 92 (1262 930 36 ) (1262 930 50 ) (1262 1024 50 ) (1262 1024 36 ) 
4 90 91 (1262 930 52 ) (1262 930 82 ) (1262 1024 82 ) (1262 1024 52 ) 
4 90 94 (1262 1024 0 ) (1262 930 0 ) (1262 930 36 ) (1262 1024 36 ) 
4 90 95 (1262 930 0 ) (1262 928 0 ) (1262 928 82 ) (1262 930 82 ) 
4 91 109 (1024 1024 128 ) (1024 1024 36 ) (1024 930 36 ) (1024 930 128 ) 
4 91 93 (1262 930 52.003906 ) (1245.998047 930 36 ) (1245.998047 1024 36 ) (1262 1024 52.003906 ) 
4 91 94 (1246 930 36 ) (1024 930 36 ) (1024 1024 36 ) (1246 1024 36 ) 
5 91 95 (1262 930 52 ) (1262 930 128 ) (1024 930 128 ) (1024 930 36 ) (1246 930 36 ) 
3 92 95 (1262 930 36 ) (1262 930 50 ) (1248 930 36 ) 
4 92 94 (1262 930 36 ) (1248 930 36 ) (1248 1024 36 ) (1262 1024 36 ) 
4 92 93 (1247.998047 1024 36 ) (1247.998047 930 36 ) (1262 930 50.001953 ) (1262 1024 50.001949 ) 
4 93 95 (1262 930 50 ) (1262 930 52 ) (1246 930 36 ) (1248 930 36 ) 
4 93 94 (1248 930 36 ) (1246 930 36 ) (1246 1024 36 ) (1248 1024 36 ) 
4 94 109 (1024 1024 36 ) (1024 1024 0 ) (1024 930 0 ) (1024 930 36 ) 
4 94 95 (1024 930 0 ) (1262 930 0 ) (1262 930 36 ) (1024 930 36 ) 
4 95 109 (1024 930 0 ) (1024 928 0 ) (1024 928 128 ) (1024 930 128 ) 
4 97 111 (1024 896 0 ) (1024 768 0 ) (1024 768 128 ) (1024 896 128 ) 
4 98 109 (544 1024 128 ) (1024 1024 128 ) (1024 928 128 ) (544 928 128 ) 
4 99 120 (224 512 128 ) (160 512 128 ) (160 640 128 ) (224 640 128 ) 
4 99 117 (256.003998 512 128 ) (224 512 128 ) (224 640 128 ) (256.003876 640 128 ) 
4 99 101 (160 640 128 ) (160 528 128 ) (160 528 192 ) (160 640 192 ) 
4 100 121 (288 256 128 ) (288 128 128 ) (160 128 128 ) (160 256 128 ) 
4 101 124 (160 640 128 ) (160 528 128 ) (128 528 128 ) (128 640 128 ) 
4 101 102 (128 640 128 ) (128 528 128 ) (128 528 192 ) (128 640 192 ) 
4 102 163 (0 528 192 ) (0 640 192 ) (0 640 128 ) (0 528 128 ) 
4 102 130 (0 528 128 ) (0 640 128 ) (128 640 128 ) (128 528 128 ) 
4 103 130 (0 400 128 ) (0 524 128 ) (128 524 128 ) (128 400 128 ) 
4 103 106 (16 400 128 ) (112 400 128 ) (112 400 192 ) (16 400 192 ) 
4 104 132 (128 368 128 ) (128 80 128 ) (112 80 128 ) (112 368 128 ) 
4 104 106 (112 368 128 ) (112 80 128 ) (112 80 192 ) (112 368 192 ) 
4 105 270 (128 0 192 ) (112 0 192 ) (112 0 128 ) (128 0 128 ) 
4 105 134 (128 48 128 ) (128 0 128 ) (112 0 128 ) (112 48 128 ) 
4 105 106 (112 48 128 ) (112 0 128 ) (112 0 192 ) (112 48 192 ) 
4 106 270 (112 0 192 ) (16 0 192 ) (16 0 128 ) (112 0 128 ) 
4 106 133 (112 80 128 ) (112 48 128 ) (16 48 128 ) (16 80 128 ) 
4 106 134 (112 48 128 ) (112 0 128 ) (16 0 128 ) (16 48 128 ) 
4 106 131 (16 400 128 ) (112 400 128 ) (112 368 128 ) (16 368 128 ) 
4 106 132 (112 368 128 ) (112 80 128 ) (16 80 128 ) (16 368 128 ) 
4 106 107 (16 368 128 ) (16 80 128 ) (16 80 192 ) (16 368 192 ) 
4 106 108 (16 48 128 ) (16 0 128 ) (16 0 192 ) (16 48 192 ) 
4 107 132 (0 80 128 ) (0 368 128 ) (16 368 128 ) (16 80 128 ) 
4 108 270 (16 0 192 ) (0 0 192 ) (0 0 128 ) (16 0 128 ) 
4 108 134 (0 0 128 ) (0 48 128 ) (16 48 128 ) (16 0 128 ) 
4 110 111 (384 896 0 ) (512 896 0 ) (512 896 128 ) (384 896 128 ) 
4 111 115 (288 896 0 ) (288 768 0 ) (288 768 128 ) (288 896 128 ) 
4 112 113 (256 1024 112 ) (256 964 112 ) (160 964 112 ) (160 1024 112 ) 
4 113 114 (220 964 112 ) (164 964 112 ) (164 964 0 ) (220 964 0 ) 
4 114 118 (164 960 0 ) (220 960 0 ) (220 960 112 ) (164 960 112 ) 
4 115 116 (256 896 0 ) (256 768 0 ) (256 768 128 ) (256 896 128 ) 
4 116 118 (224 960 128 ) (224 960 0 ) (224 768 0 ) (224 768 128 ) 
4 117 120 (224 640 0 ) (224 512 0 ) (224 512 128 ) (224 640 128 ) 
4 118 122 (160 960 0 ) (160 768 0 ) (160 768 128 ) (160 960 128 ) 
4 119 123 (160 652 0 ) (160 644 0 ) (160 644 124 ) (160 652 124 ) 
4 120 124 (160 640 0 ) (160 528 0 ) (160 528 128 ) (160 640 128 ) 
4 121 125 (160 220 0 ) (160 164 0 ) (160 164 112 ) (160 220 112 ) 
4 122 128 (128 960 0 ) (128 672 0 ) (128 672 128 ) (128 960 128 ) 
4 122 123 (128 672 124 ) (128 672 0 ) (160 672 0 ) (160 672 124 ) 
4 123 129 (128 672 0 ) (128 640 0 ) (128 640 124 ) (128 672 124 ) 
4 123 124 (128 640 124 ) (128 640 0 ) (160 640 0 ) (160 640 124 ) 
4 124 130 (128 640 0 ) (128 528 0 ) (128 528 128 ) (128 640 128 ) 
4 125 132 (128 220 0 ) (128 164 0 ) (128 164 112 ) (128 220 112 ) 
4 126 127 (36 964 0 ) (92 964 0 ) (92 964 112 ) (36 964 112 ) 
4 127 128 (36 960 0 ) (92 960 0 ) (92 960 112 ) (36 960 112 ) 
4 128 187 (0 672 128 ) (0 704 128 ) (0 704 0 ) (0 672 0 ) 
4 128 186 (0 768 128 ) (0 896 128 ) (0 896 0 ) (0 768 0 ) 
4 128 129 (0 672 0 ) (128 672 0 ) (128 672 124 ) (0 672 124 ) 
4 129 188 (0 672 124 ) (0 672 0 ) (0 640 0 ) (0 640 124 ) 
4 129 130 (0 640 0 ) (128 640 0 ) (128 640 124 ) (0 640 124 ) 
4 130 189 (0 528 128 ) (0 640 128 ) (0 640 0 ) (0 528 0 ) 
4 130 131 (16 400 0 ) (112 400 0 ) (112 400 128 ) (16 400 128 ) 
4 131 132 (16 368 0 ) (112 368 0 ) (112 368 128 ) (16 368 128 ) 
4 132 208 (0 220 112 ) (0 220 0 ) (0 164 0 ) (0 164 112 ) 
4 132 133 (16 80 0 ) (112 80 0 ) (112 80 128 ) (16 80 128 ) 
4 133 134 (16 48 0 ) (112 48 0 ) (112 48 128 ) (16 48 128 ) 
4 134 270 (128 0 128 ) (0 0 128 ) (0 0 0 ) (128 0 0 ) 
4 135 145 (-640 1664 128 ) (-640 1600 128 ) (-704 1600 128 ) (-704 1664 128 ) 
4 135 147 (-704 1600 128 ) (-768 1600 128 ) (-768 1664 128 ) (-704 1664 128 ) 
4 135 137 (-768 1664 128 ) (-768 1632 128 ) (-768 1632 224 ) (-768 1664 224 ) 
4 135 138 (-768 1632 128 ) (-768 1600 128 ) (-768 1600 224 ) (-768 1632 224 ) 
4 135 136 (-768 1600 176 ) (-768 1600 128 ) (-640 1600 128 ) (-640 1600 176 ) 
4 136 148 (-640 1600 128 ) (-640 1408 128 ) (-768 1408 128 ) (-768 1600 128 ) 
4 136 139 (-768 1472 128 ) (-768 1408 128 ) (-768 1408 176 ) (-768 1472 176 ) 
4 136 138 (-768 1600 128 ) (-768 1472 128 ) (-768 1472 176 ) (-768 1600 176 ) 
5 137 150 (-1024 1632 128 ) (-1024 1792 128 ) (-896 1792 128 ) (-768 1664 128 ) (-768 1632 128 ) 
4 137 138 (-1024 1632 128 ) (-768 1632 128 ) (-768 1632 224 ) (-992 1632 224 ) 
10 138 242 (-1024 1535.982544 224 ) (-1024 1536 224 ) (-1024 1572.755859 216.498825 ) (-1024 1604.247437 196.253952 ) (-1024 1624.500977 164.754425 ) (-1024 1632 128.007324 ) (-1024 1632 128 ) (-1024 1472 128 ) (-1024 1472 198.982513 ) (-1024 1499.255615 216.504761 ) 
4 138 150 (-1024 1472 128 ) (-1024 1632 128 ) (-768 1632 128 ) (-768 1472 128 ) 
4 138 140 (-1024 1472 128 ) (-832 1472 128 ) (-832 1472 224 ) (-1024 1472 224 ) 
4 138 139 (-832 1472 128 ) (-768 1472 128 ) (-768 1472 176 ) (-832 1472 176 ) 
4 139 151 (-832 1472 128 ) (-768 1472 128 ) (-768 1408 128 ) (-832 1408 128 ) 
4 139 141 (-832 1440 128 ) (-832 1408 128 ) (-832 1408 176 ) (-832 1440 176 ) 
4 139 140 (-832 1472 176 ) (-832 1472 128 ) (-832 1440 128 ) (-832 1440 176 ) 
5 140 242 (-1024 1472 198.982513 ) (-1024 1472 128 ) (-1024 1440 128 ) (-1024 1447.497803 164.742630 ) (-1024 1467.752930 196.252106 ) 
4 140 153 (-1024 1440 128 ) (-1024 1472 128 ) (-832 1472 128 ) (-832 1440 128 ) 
4 140 141 (-1024 1440 128 ) (-832 1440 128 ) (-832 1440 224 ) (-992 1440 224 ) 
4 141 153 (-1024 1408 128 ) (-1024 1440 128 ) (-832 1440 128 ) (-832 1408 128 ) 
4 141 144 (-992 1408 128 ) (-928 1408 128 ) (-928 1408 192 ) (-992 1408 192 ) 
4 142 164 (-64 1024 192 ) (-576 1024 192 ) (-576 1024 128 ) (-64 1024 128 ) 
4 142 158 (-288 1024 128 ) (-576 1024 128 ) (-576 1280 128 ) (-288 1280 128 ) 
4 142 157 (-64 1280 128 ) (-64 1024 128 ) (-288 1024 128 ) (-288 1280 128 ) 
4 143 165 (-864 1024 192 ) (-928 1024 192 ) (-928 1024 128 ) (-864 1024 128 ) 
4 143 144 (-928 1152 192 ) (-928 1216 192 ) (-928 1216 128 ) (-928 1152 128 ) 
4 145 148 (-640 1600 124 ) (-640 1600 128 ) (-704 1600 128 ) (-704 1600 124 ) 
4 145 147 (-704 1664 128 ) (-704 1664 124 ) (-704 1600 124 ) (-704 1600 128 ) 
4 145 146 (-640 1600 124 ) (-704 1600 124 ) (-704 1664 124 ) (-640 1664 124 ) 
4 146 149 (-704 1600 0 ) (-640 1600 0 ) (-640 1600 124 ) (-704 1600 124 ) 
4 146 147 (-704 1664 124 ) (-704 1664 0 ) (-704 1600 0 ) (-704 1600 124 ) 
4 147 150 (-768 1664 0 ) (-768 1600 0 ) (-768 1600 128 ) (-768 1664 128 ) 
4 147 149 (-768 1600 124 ) (-768 1600 0 ) (-704 1600 0 ) (-704 1600 124 ) 
4 147 148 (-768 1600 128 ) (-768 1600 124 ) (-704 1600 124 ) (-704 1600 128 ) 
4 148 155 (-640 1408 124 ) (-640 1408 128 ) (-768 1408 128 ) (-768 1408 124 ) 
4 148 151 (-768 1408 124 ) (-768 1408 128 ) (-768 1472 128 ) (-768 1472 124 ) 
4 148 150 (-768 1472 128 ) (-768 1600 128 ) (-768 1600 124 ) (-768 1472 124 ) 
4 148 149 (-768 1408 124 ) (-768 1600 124 ) (-640 1600 124 ) (-640 1408 124 ) 
4 149 155 (-768 1408 0 ) (-640 1408 0 ) (-640 1408 124 ) (-768 1408 124 ) 
4 149 152 (-768 1472 0 ) (-768 1408 0 ) (-768 1408 124 ) (-768 1472 124 ) 
4 149 150 (-768 1600 0 ) (-768 1472 0 ) (-768 1472 124 ) (-768 1600 124 ) 
8 150 242 (-1024 1472 128 ) (-1024 1632 128 ) (-1024 1624.501953 91.254654 ) (-1024 1604.253662 59.755196 ) (-1024 1572.748413 39.502377 ) (-1024 1535.996094 32 ) (-1024 1499.252075 39.498703 ) (-1024 1472 57.018246 ) 
4 150 152 (-832 1472 0 ) (-768 1472 0 ) (-768 1472 124 ) (-832 1472 124 ) 
4 150 151 (-768 1472 124 ) (-768 1472 128 ) (-832 1472 128 ) (-832 1472 124 ) 
4 150 153 (-1024 1472 0 ) (-832 1472 0 ) (-832 1472 128 ) (-1024 1472 128 ) 
4 151 153 (-832 1472 128 ) (-832 1472 124 ) (-832 1408 124 ) (-832 1408 128 ) 
4 151 152 (-832 1408 124 ) (-832 1472 124 ) (-768 1472 124 ) (-768 1408 124 ) 
4 152 153 (-832 1472 124 ) (-832 1472 0 ) (-832 1408 0 ) (-832 1408 124 ) 
5 153 242 (-1024 1440 128 ) (-1024 1472 128 ) (-1024 1472 57.018250 ) (-1024 1467.749390 59.750828 ) (-1024 1447.505493 91.242355 ) 
4 154 156 (-256 1376 0 ) (-128 1376 0 ) (-128 1376 128 ) (-256 1376 128 ) 
4 155 160 (-732 1376 0 ) (-676 1376 0 ) (-676 1376 112 ) (-732 1376 112 ) 
4 156 157 (-256 1280 0 ) (-128 1280 0 ) (-128 1280 128 ) (-256 1280 128 ) 
4 157 192 (-64 1024 128 ) (-288 1024 128 ) (-288 1024 0 ) (-64 1024 0 ) 
4 157 158 (-288 1280 0 ) (-288 1024 0 ) (-288 1024 128 ) (-288 1280 128 ) 
4 158 192 (-288 1024 128 ) (-576 1024 128 ) (-576 1024 0 ) (-288 1024 0 ) 
4 159 202 (-736 1024 128 ) (-768 1024 128 ) (-768 1024 112 ) (-736 1024 112 ) 
4 159 201 (-640 1024 128 ) (-736 1024 128 ) (-736 1024 112 ) (-640 1024 112 ) 
4 159 161 (-768 1024 112 ) (-768 1372 112 ) (-640 1372 112 ) (-640 1024 112 ) 
4 160 161 (-676 1372 112 ) (-732 1372 112 ) (-732 1372 0 ) (-676 1372 0 ) 
4 161 202 (-768 1024 112 ) (-768 1024 0 ) (-736 1024 0 ) (-736 1024 112 ) 
4 161 201 (-736 1024 0 ) (-640 1024 0 ) (-640 1024 112 ) (-736 1024 112 ) 
4 163 189 (0 640 128 ) (0 528 128 ) (-32 528 128 ) (-32 640 128 ) 
4 163 166 (-32 640 128 ) (-32 528 128 ) (-32 528 192 ) (-32 640 192 ) 
4 164 192 (-576 1024 128 ) (-64 1024 128 ) (-64 960 128 ) (-576 960 128 ) 
4 165 170 (-928 640 128 ) (-864 640 128 ) (-864 640 192 ) (-928 640 192 ) 
4 166 196 (-224 640 128 ) (-64 640 128 ) (-64 512 128 ) (-224 512 128 ) 
4 166 191 (-64 640 128 ) (-32 640 128 ) (-32 512 128 ) (-64 512 128 ) 
4 166 167 (-224 640 192 ) (-224 640 128 ) (-224 528 128 ) (-224 528 192 ) 
4 167 197 (-256 640 128 ) (-224 640 128 ) (-224 528 128 ) (-256 528 128 ) 
4 167 168 (-256 640 192 ) (-256 640 128 ) (-256 528 128 ) (-256 528 192 ) 
5 168 198 (-320 640 128 ) (-256 640 128 ) (-256 528 128 ) (-384 528 128 ) (-384 576 128 ) 
4 169 198 (-256 524 128 ) (-256 384 128 ) (-384 384 128 ) (-384 524 128 ) 
4 169 175 (-384 384 128 ) (-256 384 128 ) (-256 384 192 ) (-384 384 192 ) 
4 170 172 (-928 640 192 ) (-928 640 128 ) (-928 576 128 ) (-928 576 192 ) 
4 171 177 (-928 384 128 ) (-864 384 128 ) (-864 384 192 ) (-928 384 192 ) 
4 171 172 (-928 512 128 ) (-928 448 128 ) (-928 448 192 ) (-928 512 192 ) 
4 172 173 (-992 576 128 ) (-992 512 128 ) (-992 512 192 ) (-992 576 192 ) 
4 173 243 (-1024 512 192 ) (-1024 576 192 ) (-1024 576 128 ) (-1024 512 128 ) 
4 174 209 (-32 256 128 ) (-32 128 128 ) (-160 128 128 ) (-160 256 128 ) 
4 175 210 (-256 256 128 ) (-256 128 128 ) (-384 128 128 ) (-384 256 128 ) 
4 175 207 (-384 384 128 ) (-256 384 128 ) (-256 256 128 ) (-384 256 128 ) 
4 175 181 (-384 128 128 ) (-368 128 128 ) (-368 128 192 ) (-384 128 192 ) 
4 175 180 (-368 128 128 ) (-256 128 128 ) (-256 128 192 ) (-368 128 192 ) 
4 176 225 (-832 236 128 ) (-832 128 128 ) (-860 128 128 ) (-860 236 128 ) 
4 176 222 (-860 384 128 ) (-832 384 128 ) (-832 236 128 ) (-860 236 128 ) 
4 177 227 (-864 320 128 ) (-864 256 128 ) (-928 256 128 ) (-928 320 128 ) 
4 177 183 (-928 128 128 ) (-864 128 128 ) (-864 128 192 ) (-928 128 192 ) 
4 178 230 (-960 384 128 ) (-932 384 128 ) (-932 128 128 ) (-960 128 128 ) 
4 179 244 (-1024 208 192 ) (-1024 224 192 ) (-1024 224 128 ) (-1024 208 128 ) 
4 179 247 (-1024 128 192 ) (-1024 208 192 ) (-1024 208 128 ) (-1024 128 128 ) 
4 179 231 (-1024 128 128 ) (-1024 224 128 ) (-992 224 128 ) (-992 128 128 ) 
4 179 185 (-1024 128 128 ) (-992 128 128 ) (-992 128 192 ) (-1024 128 192 ) 
4 180 276 (-256 0 192 ) (-368 0 192 ) (-368 0 128 ) (-256 0 128 ) 
4 180 236 (-256 0 128 ) (-368 0 128 ) (-368 96 128 ) (-256 96 128 ) 
4 180 232 (-368 96 128 ) (-368 128 128 ) (-256 128 128 ) (-256 96 128 ) 
4 180 181 (-368 128 192 ) (-368 128 128 ) (-368 80 128 ) (-368 80 192 ) 
4 180 182 (-368 48 128 ) (-368 0 128 ) (-368 0 192 ) (-368 48 192 ) 
4 181 237 (-384 80 128 ) (-384 96 128 ) (-368 96 128 ) (-368 80 128 ) 
4 181 232 (-384 96 128 ) (-384 128 128 ) (-368 128 128 ) (-368 96 128 ) 
4 182 276 (-368 0 192 ) (-384 0 192 ) (-384 0 128 ) (-368 0 128 ) 
4 182 238 (-368 0 128 ) (-384 0 128 ) (-384 48 128 ) (-368 48 128 ) 
4 183 184 (-928 112 192 ) (-928 112 128 ) (-864 112 128 ) (-864 112 192 ) 
4 184 304 (-864 0 192 ) (-928 0 192 ) (-928 0 128 ) (-864 0 128 ) 
4 185 305 (-992 0 192 ) (-1024 0 192 ) (-1024 0 128 ) (-992 0 128 ) 
4 185 247 (-1024 0 128 ) (-1024 0 192 ) (-1024 128 192 ) (-1024 128 128 ) 
4 185 240 (-992 0 128 ) (-1024 0 128 ) (-1024 96 128 ) (-992 96 128 ) 
4 185 235 (-1024 96 128 ) (-1024 128 128 ) (-992 128 128 ) (-992 96 128 ) 
4 186 190 (-32 896 0 ) (-32 768 0 ) (-32 768 128 ) (-32 896 128 ) 
4 187 188 (-32 672 124 ) (-32 672 0 ) (0 672 0 ) (0 672 124 ) 
4 188 189 (-32 640 124 ) (-32 640 0 ) (0 640 0 ) (0 640 124 ) 
4 189 191 (-32 640 0 ) (-32 528 0 ) (-32 528 128 ) (-32 640 128 ) 
4 190 194 (-64 896 0 ) (-64 768 0 ) (-64 768 128 ) (-64 896 128 ) 
4 191 196 (-64 640 0 ) (-64 512 0 ) (-64 512 128 ) (-64 640 128 ) 
4 192 193 (-512 960 0 ) (-128 960 0 ) (-128 960 128 ) (-512 960 128 ) 
4 193 194 (-512 896 0 ) (-128 896 0 ) (-128 896 128 ) (-512 896 128 ) 
4 194 195 (-572 884 0 ) (-572 780 0 ) (-572 780 112 ) (-572 884 112 ) 
4 195 200 (-576 884 0 ) (-576 780 0 ) (-576 780 112 ) (-576 884 112 ) 
4 196 197 (-224 640 128 ) (-224 640 0 ) (-224 528 0 ) (-224 528 128 ) 
4 197 198 (-256 640 128 ) (-256 640 0 ) (-256 528 0 ) (-256 528 128 ) 
4 198 207 (-384 384 0 ) (-256 384 0 ) (-256 384 128 ) (-384 384 128 ) 
4 199 201 (-640 960 0 ) (-640 928 0 ) (-640 928 128 ) (-640 960 128 ) 
4 199 200 (-640 928 128 ) (-640 928 0 ) (-608 928 0 ) (-608 928 128 ) 
4 200 204 (-640 736 0 ) (-608 736 0 ) (-608 736 128 ) (-640 736 128 ) 
4 200 201 (-640 928 0 ) (-640 736 0 ) (-640 736 128 ) (-640 928 128 ) 
4 201 205 (-736 736 0 ) (-640 736 0 ) (-640 736 128 ) (-736 736 128 ) 
4 201 202 (-736 1024 0 ) (-736 992 0 ) (-736 992 128 ) (-736 1024 128 ) 
4 201 203 (-736 928 0 ) (-736 736 0 ) (-736 736 128 ) (-736 928 128 ) 
4 204 205 (-640 736 128 ) (-640 736 0 ) (-640 704 0 ) (-640 704 128 ) 
4 205 222 (-736 384 0 ) (-640 384 0 ) (-640 384 128 ) (-736 384 128 ) 
4 205 206 (-736 672 0 ) (-736 384 0 ) (-736 384 128 ) (-736 672 128 ) 
4 206 222 (-768 384 0 ) (-736 384 0 ) (-736 384 128 ) (-768 384 128 ) 
4 207 210 (-384 256 0 ) (-256 256 0 ) (-256 256 128 ) (-384 256 128 ) 
4 208 209 (-32 220 0 ) (-32 164 0 ) (-32 164 112 ) (-32 220 112 ) 
4 210 232 (-384 128 0 ) (-256 128 0 ) (-256 128 128 ) (-384 128 128 ) 
4 210 211 (-384 220 0 ) (-384 164 0 ) (-384 164 112 ) (-384 220 112 ) 
4 211 213 (-413 168 112 ) (-413 216 112 ) (-413 216 108 ) (-413 168 108 ) 
4 211 212 (-413 216 112 ) (-413 220 112 ) (-413 220 0 ) (-413 216 0 ) 
4 211 214 (-413 164 0 ) (-413 164 112 ) (-413 168 112 ) (-413 168 0 ) 
4 212 213 (-415 216 112 ) (-415 216 108 ) (-413 216 108 ) (-413 216 112 ) 
4 212 215 (-415 216 112 ) (-415 220 112 ) (-415 220 0 ) (-415 216 0 ) 
4 213 215 (-415 168 112 ) (-415 216 112 ) (-415 216 108 ) (-415 168 108 ) 
4 213 214 (-415 168 112 ) (-415 168 108 ) (-413 168 108 ) (-413 168 112 ) 
4 214 215 (-415 164 0 ) (-415 164 112 ) (-415 168 112 ) (-415 168 0 ) 
4 216 224 (-604 220 0 ) (-604 164 0 ) (-604 164 112 ) (-604 220 112 ) 
4 216 220 (-604 336 34 ) (-604 336 32 ) (-604 238 32 ) (-604 238 34 ) 
4 216 219 (-604 238 94 ) (-604 336 94 ) (-604 336 34 ) (-604 238 34 ) 
4 216 218 (-604 336 94 ) (-604 338 94 ) (-604 338 32 ) (-604 336 32 ) 
4 216 221 (-604 236 32 ) (-604 236 94 ) (-604 238 94 ) (-604 238 32 ) 
4 216 217 (-604 236 94 ) (-604 236 96 ) (-604 338 96 ) (-604 338 94 ) 
4 217 222 (-608 236 94 ) (-608 236 96 ) (-608 338 96 ) (-608 338 94 ) 
4 217 219 (-608 238 94 ) (-608 336 94 ) (-604 336 94 ) (-604 238 94 ) 
4 217 218 (-608 336 94 ) (-608 338 94 ) (-604 338 94 ) (-604 336 94 ) 
4 217 221 (-604 236 94 ) (-608 236 94 ) (-608 238 94 ) (-604 238 94 ) 
4 218 222 (-608 336 94 ) (-608 338 94 ) (-608 338 32 ) (-608 336 32 ) 
4 218 220 (-608 336 32 ) (-604 336 32 ) (-604 336 34 ) (-608 336 34 ) 
4 218 219 (-604 336 34 ) (-604 336 94 ) (-608 336 94 ) (-608 336 34 ) 
4 219 222 (-608 238 94 ) (-608 336 94 ) (-608 336 34 ) (-608 238 34 ) 
4 219 221 (-604 238 34 ) (-604 238 94 ) (-608 238 94 ) (-608 238 34 ) 
4 219 220 (-604 238 34 ) (-608 238 34 ) (-608 336 34 ) (-604 336 34 ) 
4 220 222 (-608 336 34 ) (-608 336 32 ) (-608 238 32 ) (-608 238 34 ) 
4 220 221 (-608 238 32 ) (-604 238 32 ) (-604 238 34 ) (-608 238 34 ) 
4 221 222 (-608 236 32 ) (-608 236 94 ) (-608 238 94 ) (-608 238 32 ) 
4 222 225 (-860 236 0 ) (-608 236 0 ) (-608 236 128 ) (-860 236 128 ) 
4 222 223 (-860 384 124 ) (-860 384 0 ) (-860 236 0 ) (-860 236 124 ) 
4 223 228 (-864 384 124 ) (-864 384 0 ) (-864 236 0 ) (-864 236 124 ) 
4 223 226 (-864 236 124 ) (-864 236 0 ) (-860 236 0 ) (-860 236 124 ) 
4 224 225 (-608 220 0 ) (-608 164 0 ) (-608 164 112 ) (-608 220 112 ) 
4 225 234 (-800 128 0 ) (-608 128 0 ) (-608 128 124 ) (-800 128 124 ) 
4 225 226 (-860 236 124 ) (-860 236 0 ) (-860 128 0 ) (-860 128 124 ) 
4 226 228 (-864 236 0 ) (-864 128 0 ) (-864 128 124 ) (-864 236 124 ) 
4 227 228 (-928 256 124 ) (-928 320 124 ) (-864 320 124 ) (-864 256 124 ) 
4 228 229 (-928 384 124 ) (-928 384 0 ) (-928 128 0 ) (-928 128 124 ) 
4 229 230 (-932 384 124 ) (-932 384 0 ) (-932 128 0 ) (-932 128 124 ) 
4 231 258 (-1024 128 128 ) (-1024 224 128 ) (-1024 224 0 ) (-1024 128 0 ) 
4 231 254 (-1024 224 128 ) (-1024 256 128 ) (-1024 256 0 ) (-1024 224 0 ) 
4 231 250 (-1024 384 112 ) (-1024 384 0 ) (-1024 256 0 ) (-1024 256 112 ) 
4 231 248 (-1024 256 128 ) (-1024 384 128 ) (-1024 384 112 ) (-1024 256 112 ) 
4 231 235 (-1024 128 0 ) (-992 128 0 ) (-992 128 128 ) (-1024 128 128 ) 
4 232 237 (-384 96 0 ) (-368 96 0 ) (-368 96 128 ) (-384 96 128 ) 
4 232 236 (-368 96 0 ) (-256 96 0 ) (-256 96 128 ) (-368 96 128 ) 
4 233 234 (-608 124 0 ) (-608 112 0 ) (-608 112 124 ) (-608 124 124 ) 
4 234 241 (-800 96 0 ) (-608 96 0 ) (-608 96 124 ) (-800 96 124 ) 
4 235 258 (-1024 96 128 ) (-1024 128 128 ) (-1024 128 0 ) (-1024 96 0 ) 
4 235 241 (-1024 96 0 ) (-992 96 0 ) (-992 96 124 ) (-1024 96 124 ) 
4 235 240 (-992 96 124 ) (-992 96 128 ) (-1024 96 128 ) (-1024 96 124 ) 
4 236 294 (-256 0 128 ) (-368 0 128 ) (-368 0 0 ) (-256 0 0 ) 
4 236 237 (-368 96 128 ) (-368 96 0 ) (-368 80 0 ) (-368 80 128 ) 
4 236 238 (-368 48 0 ) (-368 0 0 ) (-368 0 128 ) (-368 48 128 ) 
4 238 294 (-368 0 128 ) (-384 0 128 ) (-384 0 0 ) (-368 0 0 ) 
4 239 306 (-608 0 128 ) (-860 0 128 ) (-860 0 124 ) (-608 0 124 ) 
4 239 241 (-860 96 124 ) (-608 96 124 ) (-608 0 124 ) (-860 0 124 ) 
4 240 307 (-932 0 128 ) (-1024 0 128 ) (-1024 0 124 ) (-932 0 124 ) 
4 240 258 (-1024 0 124 ) (-1024 0 128 ) (-1024 96 128 ) (-1024 96 124 ) 
4 240 241 (-1024 96 124 ) (-932 96 124 ) (-932 0 124 ) (-1024 0 124 ) 
4 241 308 (-1024 0 124 ) (-1024 0 0 ) (-608 0 0 ) (-608 0 124 ) 
4 241 258 (-1024 0 0 ) (-1024 0 124 ) (-1024 96 124 ) (-1024 96 0 ) 
4 244 258 (-1024 224 128 ) (-1024 208 128 ) (-1280 208 128 ) (-1280 224 128 ) 
4 244 247 (-1280 208 128 ) (-1024 208 128 ) (-1024 208 192 ) (-1280 208 192 ) 
4 245 260 (-1312 208 128 ) (-1344 208 128 ) (-1344 224 128 ) (-1312 224 128 ) 
4 245 247 (-1344 208 128 ) (-1312 208 128 ) (-1312 208 192 ) (-1344 208 192 ) 
4 246 262 (-1376 208 128 ) (-1600 208 128 ) (-1600 224 128 ) (-1376 224 128 ) 
4 246 247 (-1600 208 192 ) (-1600 208 128 ) (-1376 208 128 ) (-1376 208 192 ) 
4 247 321 (-1024 0 128 ) (-1024 0 192 ) (-1600 0 192 ) (-1600 0 128 ) 
4 247 261 (-1344 0 128 ) (-1376 0 128 ) (-1376 208 128 ) (-1344 208 128 ) 
4 247 260 (-1312 0 128 ) (-1344 0 128 ) (-1344 208 128 ) (-1312 208 128 ) 
4 247 262 (-1376 0 128 ) (-1600 0 128 ) (-1600 208 128 ) (-1376 208 128 ) 
4 247 259 (-1280 0 128 ) (-1312 0 128 ) (-1312 208 128 ) (-1280 208 128 ) 
4 247 258 (-1024 208 128 ) (-1024 0 128 ) (-1280 0 128 ) (-1280 208 128 ) 
4 248 254 (-1248 256 112 ) (-1024 256 112 ) (-1024 256 128 ) (-1248 256 128 ) 
4 248 250 (-1024 256 112 ) (-1248 256 112 ) (-1248 384 112 ) (-1024 384 112 ) 
4 249 252 (-1252 256 112 ) (-1404 256 112 ) (-1404 384 112 ) (-1252 384 112 ) 
4 250 254 (-1248 256 0 ) (-1024 256 0 ) (-1024 256 112 ) (-1248 256 112 ) 
4 250 251 (-1248 292 112 ) (-1248 348 112 ) (-1248 348 0 ) (-1248 292 0 ) 
4 251 252 (-1252 292 112 ) (-1252 348 112 ) (-1252 348 0 ) (-1252 292 0 ) 
4 252 253 (-1404 292 112 ) (-1404 348 112 ) (-1404 348 0 ) (-1404 292 0 ) 
4 253 255 (-1408 348 0 ) (-1408 292 0 ) (-1408 292 112 ) (-1408 348 112 ) 
4 254 258 (-1248 224 0 ) (-1024 224 0 ) (-1024 224 128 ) (-1248 224 128 ) 
4 255 257 (-1536 372 0 ) (-1536 242 0 ) (-1536 242 128 ) (-1536 372 128 ) 
4 255 256 (-1536 228 96 ) (-1536 228 32 ) (-1408 228 32 ) (-1408 228 96 ) 
4 256 262 (-1408 224 32 ) (-1408 224 96 ) (-1536 224 96 ) (-1536 224 32 ) 
4 258 321 (-1024 0 0 ) (-1024 0 128 ) (-1280 0 128 ) (-1280 0 0 ) 
4 258 259 (-1280 208 0 ) (-1280 0 0 ) (-1280 0 128 ) (-1280 208 128 ) 
4 259 321 (-1280 0 128 ) (-1312 0 128 ) (-1312 0 0 ) (-1280 0 0 ) 
4 259 260 (-1312 208 0 ) (-1312 0 0 ) (-1312 0 128 ) (-1312 208 128 ) 
4 260 321 (-1312 0 128 ) (-1344 0 128 ) (-1344 0 0 ) (-1312 0 0 ) 
4 260 261 (-1344 208 0 ) (-1344 0 0 ) (-1344 0 128 ) (-1344 208 128 ) 
4 261 321 (-1344 0 128 ) (-1376 0 128 ) (-1376 0 0 ) (-1344 0 0 ) 
4 261 262 (-1376 208 0 ) (-1376 0 0 ) (-1376 0 128 ) (-1376 208 128 ) 
4 262 321 (-1376 0 128 ) (-1600 0 128 ) (-1600 0 0 ) (-1376 0 0 ) 
4 263 264 (160 -36 112 ) (160 -36 0 ) (160 -92 0 ) (160 -92 112 ) 
4 264 270 (128 -36 0 ) (128 -92 0 ) (128 -92 112 ) (128 -36 112 ) 
4 265 272 (128 -476 108 ) (128 -476 112 ) (128 -420 112 ) (128 -420 108 ) 
4 265 267 (157 -424 108 ) (157 -420 108 ) (159 -420 108 ) (159 -424 108 ) 
4 265 268 (159 -476 108 ) (157 -476 108 ) (157 -472 108 ) (159 -472 108 ) 
4 265 266 (160 -476 108 ) (159 -476 108 ) (159 -420 108 ) (160 -420 108 ) 
4 265 269 (157 -476 108 ) (128 -476 108 ) (128 -420 108 ) (157 -420 108 ) 
4 266 267 (159 -424 108 ) (159 -420 108 ) (159 -420 0 ) (159 -424 0 ) 
4 266 268 (159 -476 0 ) (159 -476 108 ) (159 -472 108 ) (159 -472 0 ) 
4 267 269 (157 -424 108 ) (157 -420 108 ) (157 -420 0 ) (157 -424 0 ) 
4 268 269 (157 -476 0 ) (157 -476 108 ) (157 -472 108 ) (157 -472 0 ) 
4 269 272 (128 -420 0 ) (128 -476 0 ) (128 -476 108 ) (128 -420 108 ) 
4 270 285 (0 -36 0 ) (0 -92 0 ) (0 -92 112 ) (0 -36 112 ) 
4 270 271 (0 -252 0 ) (128 -252 0 ) (128 -252 128 ) (0 -252 128 ) 
4 271 272 (0 -256 0 ) (128 -256 0 ) (128 -256 128 ) (0 -256 128 ) 
4 272 287 (0 -420 0 ) (0 -476 0 ) (0 -476 108 ) (0 -420 108 ) 
4 272 286 (0 -476 108 ) (0 -476 112 ) (0 -420 112 ) (0 -420 108 ) 
4 273 291 (-160 0 128 ) (-32 0 128 ) (-32 -128 128 ) (-160 -128 128 ) 
4 274 292 (-224 -640 128 ) (-224 -256 128 ) (-128 -256 128 ) (-128 -640 128 ) 
4 274 275 (-224 -272 128 ) (-224 -624 128 ) (-224 -624 192 ) (-224 -272 192 ) 
4 275 293 (-224 -272 128 ) (-224 -624 128 ) (-256 -624 128 ) (-256 -272 128 ) 
4 275 277 (-256 -272 128 ) (-256 -624 128 ) (-256 -624 192 ) (-256 -272 192 ) 
4 276 294 (-384 0 128 ) (-256 0 128 ) (-256 -268 128 ) (-384 -268 128 ) 
4 277 294 (-256 -272 128 ) (-256 -624 128 ) (-384 -624 128 ) (-384 -272 128 ) 
4 277 284 (-384 -544 128 ) (-384 -624 128 ) (-384 -624 192 ) (-384 -544 192 ) 
4 277 283 (-384 -512 128 ) (-384 -544 128 ) (-384 -544 192 ) (-384 -512 192 ) 
4 277 281 (-384 -384 128 ) (-384 -512 128 ) (-384 -512 192 ) (-384 -384 192 ) 
4 277 279 (-384 -272 128 ) (-384 -384 128 ) (-384 -384 192 ) (-384 -272 192 ) 
4 278 333 (-256 -1024 192 ) (-384 -1024 192 ) (-384 -1024 128 ) (-256 -1024 128 ) 
4 278 294 (-256 -628 128 ) (-256 -1024 128 ) (-384 -1024 128 ) (-384 -628 128 ) 
4 279 301 (-384 -352 128 ) (-384 -384 128 ) (-400 -384 128 ) (-400 -352 128 ) 
4 279 300 (-400 -272 128 ) (-384 -272 128 ) (-384 -352 128 ) (-400 -352 128 ) 
4 279 281 (-400 -384 128 ) (-384 -384 128 ) (-384 -384 192 ) (-400 -384 192 ) 
4 279 280 (-400 -272 192 ) (-400 -272 128 ) (-400 -352 128 ) (-400 -352 192 ) 
4 280 300 (-416 -352 128 ) (-416 -272 128 ) (-400 -272 128 ) (-400 -352 128 ) 
4 281 301 (-400 -384 128 ) (-384 -384 128 ) (-384 -512 128 ) (-400 -512 128 ) 
4 281 283 (-400 -512 128 ) (-384 -512 128 ) (-384 -512 192 ) (-400 -512 192 ) 
4 282 315 (-416 -512 192 ) (-416 -384 192 ) (-416 -384 128 ) (-416 -512 128 ) 
4 282 302 (-416 -512 128 ) (-416 -384 128 ) (-404 -384 128 ) (-404 -512 128 ) 
4 283 301 (-400 -512 128 ) (-384 -512 128 ) (-384 -544 128 ) (-400 -544 128 ) 
4 283 284 (-400 -544 128 ) (-384 -544 128 ) (-384 -544 192 ) (-400 -544 192 ) 
4 284 303 (-416 -624 128 ) (-416 -544 128 ) (-400 -544 128 ) (-400 -624 128 ) 
4 284 301 (-400 -544 128 ) (-384 -544 128 ) (-384 -624 128 ) (-400 -624 128 ) 
4 285 291 (-32 -36 0 ) (-32 -92 0 ) (-32 -92 112 ) (-32 -36 112 ) 
4 286 288 (-31 -424 108 ) (-31 -420 108 ) (-29 -420 108 ) (-29 -424 108 ) 
4 286 289 (-29 -476 108 ) (-31 -476 108 ) (-31 -472 108 ) (-29 -472 108 ) 
4 286 287 (0 -476 108 ) (-29 -476 108 ) (-29 -420 108 ) (0 -420 108 ) 
4 286 290 (-31 -476 108 ) (-32 -476 108 ) (-32 -420 108 ) (-31 -420 108 ) 
4 287 288 (-29 -424 108 ) (-29 -420 108 ) (-29 -420 0 ) (-29 -424 0 ) 
4 287 289 (-29 -476 0 ) (-29 -476 108 ) (-29 -472 108 ) (-29 -472 0 ) 
4 288 290 (-31 -424 108 ) (-31 -420 108 ) (-31 -420 0 ) (-31 -424 0 ) 
4 289 290 (-31 -476 0 ) (-31 -476 108 ) (-31 -472 108 ) (-31 -472 0 ) 
4 292 293 (-224 -272 0 ) (-224 -624 0 ) (-224 -624 128 ) (-224 -272 128 ) 
4 293 294 (-256 -272 0 ) (-256 -624 0 ) (-256 -624 128 ) (-256 -272 128 ) 
4 294 333 (-256 -1024 128 ) (-384 -1024 128 ) (-384 -1024 0 ) (-256 -1024 0 ) 
4 294 301 (-384 -352 0 ) (-384 -624 0 ) (-384 -624 128 ) (-384 -352 128 ) 
4 294 300 (-384 -272 0 ) (-384 -352 0 ) (-384 -352 128 ) (-384 -272 128 ) 
4 294 295 (-384 -36 0 ) (-384 -92 0 ) (-384 -92 112 ) (-384 -36 112 ) 
4 295 297 (-413 -88 112 ) (-413 -40 112 ) (-413 -40 108 ) (-413 -88 108 ) 
4 295 296 (-413 -40 112 ) (-413 -36 112 ) (-413 -36 0 ) (-413 -40 0 ) 
4 295 298 (-413 -92 0 ) (-413 -92 112 ) (-413 -88 112 ) (-413 -88 0 ) 
4 296 297 (-415 -40 112 ) (-415 -40 108 ) (-413 -40 108 ) (-413 -40 112 ) 
4 296 299 (-415 -40 112 ) (-415 -36 112 ) (-415 -36 0 ) (-415 -40 0 ) 
4 297 299 (-415 -88 112 ) (-415 -40 112 ) (-415 -40 108 ) (-415 -88 108 ) 
4 297 298 (-415 -88 112 ) (-415 -88 108 ) (-413 -88 108 ) (-413 -88 112 ) 
4 298 299 (-415 -92 0 ) (-415 -92 112 ) (-415 -88 112 ) (-415 -88 0 ) 
4 300 301 (-384 -352 0 ) (-384 -352 128 ) (-400 -352 128 ) (-400 -352 0 ) 
4 301 303 (-400 -544 0 ) (-400 -624 0 ) (-400 -624 128 ) (-400 -544 128 ) 
4 301 302 (-400 -384 0 ) (-400 -512 0 ) (-400 -512 128 ) (-400 -384 128 ) 
4 302 317 (-416 -384 0 ) (-416 -512 0 ) (-416 -512 112 ) (-416 -384 112 ) 
4 302 315 (-416 -512 112 ) (-416 -512 128 ) (-416 -384 128 ) (-416 -384 112 ) 
4 304 310 (-864 -32 192 ) (-928 -32 192 ) (-928 -32 128 ) (-864 -32 128 ) 
4 305 321 (-1024 0 192 ) (-1024 0 128 ) (-1024 -32 128 ) (-1024 -32 192 ) 
4 305 307 (-992 -32 128 ) (-1024 -32 128 ) (-1024 0 128 ) (-992 0 128 ) 
4 306 308 (-860 0 124 ) (-608 0 124 ) (-640 -32 124 ) (-860 -32 124 ) 
4 307 321 (-1024 0 128 ) (-1024 0 124 ) (-1024 -32 124 ) (-1024 -32 128 ) 
4 307 308 (-1024 0 124 ) (-932 0 124 ) (-932 -32 124 ) (-1024 -32 124 ) 
4 308 321 (-1024 0 124 ) (-1024 0 0 ) (-1024 -32 0 ) (-1024 -32 124 ) 
4 309 310 (-864 -64 128 ) (-864 -128 128 ) (-864 -128 192 ) (-864 -64 192 ) 
4 311 312 (-672 -224 128 ) (-672 -224 48 ) (-544 -224 47.997101 ) (-544 -224 128 ) 
4 312 313 (-672 -256 0 ) (-544 -256 0 ) (-544 -256 128 ) (-672 -256 128 ) 
4 313 319 (-832 -256 128 ) (-832 -256 0 ) (-832 -380 0 ) (-832 -380 128 ) 
4 313 314 (-544 -380 32 ) (-544 -380 96 ) (-680 -380 96 ) (-680 -380 32 ) 
4 314 317 (-680 -384 32 ) (-544 -384 32 ) (-544 -384 96 ) (-680 -384 96 ) 
5 315 320 (-512 -512 192 ) (-735.980713 -512 192 ) (-736 -512 191.987137 ) (-736 -512 112 ) (-512 -512 112 ) 
4 315 317 (-416 -512 112 ) (-828 -512 112 ) (-828 -384 112 ) (-416 -384 112 ) 
4 315 316 (-828 -384 130.655151 ) (-828 -384 128 ) (-828 -512 128 ) (-828 -512 130.654770 ) 
4 317 320 (-736 -512 0 ) (-512 -512 0 ) (-512 -512 112 ) (-736 -512 112 ) 
4 317 318 (-828 -476 112 ) (-828 -420 112 ) (-828 -420 0 ) (-828 -476 0 ) 
4 318 319 (-832 -420 0 ) (-832 -476 0 ) (-832 -476 112 ) (-832 -420 112 ) 
4 321 322 (-1536 -32 0 ) (-1248 -32 0 ) (-1248 -32 192 ) (-1536 -32 192 ) 
4 322 328 (-1526 -128 114 ) (-1526 -128 0 ) (-1418 -128 0 ) (-1418 -128 114 ) 
4 322 324 (-1366 -128 112 ) (-1366 -128 0 ) (-1258 -128 0 ) (-1258 -128 112 ) 
4 322 323 (-1366 -128 114 ) (-1366 -128 112 ) (-1258 -128 112 ) (-1258 -128 114 ) 
4 323 329 (-1258 -144 112 ) (-1258 -144 114 ) (-1366 -144 114 ) (-1366 -144 112 ) 
4 323 325 (-1260 -134 112 ) (-1258 -134 112 ) (-1258 -138 112 ) (-1260 -138 112 ) 
4 323 326 (-1366 -138 112 ) (-1366 -134 112 ) (-1364 -134 112 ) (-1364 -138 112 ) 
4 323 324 (-1366 -134 112 ) (-1366 -128 112 ) (-1258 -128 112 ) (-1258 -134 112 ) 
4 323 327 (-1366 -144 112 ) (-1366 -138 112 ) (-1258 -138 112 ) (-1258 -144 112 ) 
4 324 325 (-1258 -134 0 ) (-1258 -134 112 ) (-1260 -134 112 ) (-1260 -134 0 ) 
4 324 326 (-1364 -134 112 ) (-1366 -134 112 ) (-1366 -134 0 ) (-1364 -134 0 ) 
4 325 327 (-1258 -138 0 ) (-1258 -138 112 ) (-1260 -138 112 ) (-1260 -138 0 ) 
4 326 327 (-1364 -138 112 ) (-1366 -138 112 ) (-1366 -138 0 ) (-1364 -138 0 ) 
4 327 329 (-1366 -144 0 ) (-1258 -144 0 ) (-1258 -144 112 ) (-1366 -144 112 ) 
4 328 331 (-1526 -144 0 ) (-1418 -144 0 ) (-1418 -144 114 ) (-1526 -144 114 ) 
4 329 330 (-1376 -146 -384 ) (-1376 -320 -384 ) (-1376 -320 640 ) (-1376 -146 640 ) 
4 330 332 (-1408 -320 -384 ) (-1376 -320 -384 ) (-1376 -320 640 ) (-1408 -320 640 ) 
4 330 331 (-1408 -146 -384 ) (-1408 -320 -384 ) (-1408 -320 640 ) (-1408 -146 640 ) 
